<?xml version="1.0" encoding="UTF-8"?>
<testsuite name="mockito.MockitoTest" tests="1" skipped="0" failures="0" errors="0" timestamp="2020-04-13T09:04:29" hostname="sujits-MacBook-Air.local" time="0.312">
  <properties/>
  <testcase name="customerReaderTest" classname="mockito.MockitoTest" time="0.312"/>
  <system-out><![CDATA[]]></system-out>
  <system-err><![CDATA[]]></system-err>
</testsuite>
